{"total": {"lines":{"total":2410,"covered":634,"skipped":0,"pct":26.3},"statements":{"total":2603,"covered":699,"skipped":0,"pct":26.85},"functions":{"total":641,"covered":119,"skipped":0,"pct":18.56},"branches":{"total":1867,"covered":421,"skipped":0,"pct":22.54},"branchesTrue":{"total":0,"covered":0,"skipped":0,"pct":100}}
,"D:\\11-coding\\YahiaAcademy\\yahia-quest-arena\\src\\router.tsx": {"lines":{"total":4,"covered":0,"skipped":0,"pct":0},"functions":{"total":1,"covered":0,"skipped":0,"pct":0},"statements":{"total":4,"covered":0,"skipped":0,"pct":0},"branches":{"total":0,"covered":0,"skipped":0,"pct":100}}
,"D:\\11-coding\\YahiaAcademy\\yahia-quest-arena\\src\\server.ts": {"lines":{"total":29,"covered":27,"skipped":0,"pct":93.1},"functions":{"total":7,"covered":7,"skipped":0,"pct":100},"statements":{"total":32,"covered":28,"skipped":0,"pct":87.5},"branches":{"total":25,"covered":18,"skipped":0,"pct":72}}
,"D:\\11-coding\\YahiaAcademy\\yahia-quest-arena\\src\\start.ts": {"lines":{"total":10,"covered":0,"skipped":0,"pct":0},"functions":{"total":3,"covered":0,"skipped":0,"pct":0},"statements":{"total":11,"covered":0,"skipped":0,"pct":0},"branches":{"total":5,"covered":0,"skipped":0,"pct":0}}
,"D:\\11-coding\\YahiaAcademy\\yahia-quest-arena\\src\\components\\dashboard\\dashboard-badges-shop.tsx": {"lines":{"total":8,"covered":0,"skipped":0,"pct":0},"functions":{"total":5,"covered":0,"skipped":0,"pct":0},"statements":{"total":8,"covered":0,"skipped":0,"pct":0},"branches":{"total":28,"covered":0,"skipped":0,"pct":0}}
,"D:\\11-coding\\YahiaAcademy\\yahia-quest-arena\\src\\components\\dashboard\\dashboard-radar-inventory.tsx": {"lines":{"total":2,"covered":0,"skipped":0,"pct":0},"functions":{"total":2,"covered":0,"skipped":0,"pct":0},"statements":{"total":2,"covered":0,"skipped":0,"pct":0},"branches":{"total":4,"covered":0,"skipped":0,"pct":0}}
,"D:\\11-coding\\YahiaAcademy\\yahia-quest-arena\\src\\components\\ui\\accordion.tsx": {"lines":{"total":10,"covered":0,"skipped":0,"pct":0},"functions":{"total":3,"covered":0,"skipped":0,"pct":0},"statements":{"total":10,"covered":0,"skipped":0,"pct":0},"branches":{"total":0,"covered":0,"skipped":0,"pct":100}}
,"D:\\11-coding\\YahiaAcademy\\yahia-quest-arena\\src\\components\\ui\\alert-dialog.tsx": {"lines":{"total":27,"covered":0,"skipped":0,"pct":0},"functions":{"total":8,"covered":0,"skipped":0,"pct":0},"statements":{"total":27,"covered":0,"skipped":0,"pct":0},"branches":{"total":0,"covered":0,"skipped":0,"pct":100}}
,"D:\\11-coding\\YahiaAcademy\\yahia-quest-arena\\src\\components\\ui\\alert.tsx": {"lines":{"total":10,"covered":0,"skipped":0,"pct":0},"functions":{"total":3,"covered":0,"skipped":0,"pct":0},"statements":{"total":10,"covered":0,"skipped":0,"pct":0},"branches":{"total":0,"covered":0,"skipped":0,"pct":100}}
,"D:\\11-coding\\YahiaAcademy\\yahia-quest-arena\\src\\components\\ui\\aspect-ratio.tsx": {"lines":{"total":1,"covered":0,"skipped":0,"pct":0},"functions":{"total":0,"covered":0,"skipped":0,"pct":100},"statements":{"total":1,"covered":0,"skipped":0,"pct":0},"branches":{"total":0,"covered":0,"skipped":0,"pct":100}}
,"D:\\11-coding\\YahiaAcademy\\yahia-quest-arena\\src\\components\\ui\\avatar.tsx": {"lines":{"total":9,"covered":0,"skipped":0,"pct":0},"functions":{"total":3,"covered":0,"skipped":0,"pct":0},"statements":{"total":9,"covered":0,"skipped":0,"pct":0},"branches":{"total":0,"covered":0,"skipped":0,"pct":100}}
,"D:\\11-coding\\YahiaAcademy\\yahia-quest-arena\\src\\components\\ui\\badge.tsx": {"lines":{"total":2,"covered":0,"skipped":0,"pct":0},"functions":{"total":1,"covered":0,"skipped":0,"pct":0},"statements":{"total":2,"covered":0,"skipped":0,"pct":0},"branches":{"total":0,"covered":0,"skipped":0,"pct":100}}
,"D:\\11-coding\\YahiaAcademy\\yahia-quest-arena\\src\\components\\ui\\breadcrumb.tsx": {"lines":{"total":22,"covered":0,"skipped":0,"pct":0},"functions":{"total":7,"covered":0,"skipped":0,"pct":0},"statements":{"total":22,"covered":0,"skipped":0,"pct":0},"branches":{"total":4,"covered":0,"skipped":0,"pct":0}}
,"D:\\11-coding\\YahiaAcademy\\yahia-quest-arena\\src\\components\\ui\\button.tsx": {"lines":{"total":5,"covered":0,"skipped":0,"pct":0},"functions":{"total":1,"covered":0,"skipped":0,"pct":0},"statements":{"total":5,"covered":0,"skipped":0,"pct":0},"branches":{"total":3,"covered":0,"skipped":0,"pct":0}}
,"D:\\11-coding\\YahiaAcademy\\yahia-quest-arena\\src\\components\\ui\\calendar.tsx": {"lines":{"total":15,"covered":0,"skipped":0,"pct":0},"functions":{"total":7,"covered":0,"skipped":0,"pct":0},"statements":{"total":16,"covered":0,"skipped":0,"pct":0},"branches":{"total":15,"covered":0,"skipped":0,"pct":0}}
,"D:\\11-coding\\YahiaAcademy\\yahia-quest-arena\\src\\components\\ui\\card.tsx": {"lines":{"total":18,"covered":0,"skipped":0,"pct":0},"functions":{"total":6,"covered":0,"skipped":0,"pct":0},"statements":{"total":18,"covered":0,"skipped":0,"pct":0},"branches":{"total":0,"covered":0,"skipped":0,"pct":100}}
,"D:\\11-coding\\YahiaAcademy\\yahia-quest-arena\\src\\components\\ui\\carousel.tsx": {"lines":{"total":55,"covered":0,"skipped":0,"pct":0},"functions":{"total":13,"covered":0,"skipped":0,"pct":0},"statements":{"total":55,"covered":0,"skipped":0,"pct":0},"branches":{"total":33,"covered":0,"skipped":0,"pct":0}}
,"D:\\11-coding\\YahiaAcademy\\yahia-quest-arena\\src\\components\\ui\\chart.tsx": {"lines":{"total":64,"covered":0,"skipped":0,"pct":0},"functions":{"total":14,"covered":0,"skipped":0,"pct":0},"statements":{"total":65,"covered":0,"skipped":0,"pct":0},"branches":{"total":102,"covered":0,"skipped":0,"pct":0}}
,"D:\\11-coding\\YahiaAcademy\\yahia-quest-arena\\src\\components\\ui\\checkbox.tsx": {"lines":{"total":3,"covered":0,"skipped":0,"pct":0},"functions":{"total":1,"covered":0,"skipped":0,"pct":0},"statements":{"total":3,"covered":0,"skipped":0,"pct":0},"branches":{"total":0,"covered":0,"skipped":0,"pct":100}}
,"D:\\11-coding\\YahiaAcademy\\yahia-quest-arena\\src\\components\\ui\\collapsible.tsx": {"lines":{"total":3,"covered":0,"skipped":0,"pct":0},"functions":{"total":0,"covered":0,"skipped":0,"pct":100},"statements":{"total":3,"covered":0,"skipped":0,"pct":0},"branches":{"total":0,"covered":0,"skipped":0,"pct":100}}
,"D:\\11-coding\\YahiaAcademy\\yahia-quest-arena\\src\\components\\ui\\command.tsx": {"lines":{"total":26,"covered":0,"skipped":0,"pct":0},"functions":{"total":9,"covered":0,"skipped":0,"pct":0},"statements":{"total":26,"covered":0,"skipped":0,"pct":0},"branches":{"total":0,"covered":0,"skipped":0,"pct":100}}
,"D:\\11-coding\\YahiaAcademy\\yahia-quest-arena\\src\\components\\ui\\context-menu.tsx": {"lines":{"total":33,"covered":0,"skipped":0,"pct":0},"functions":{"total":9,"covered":0,"skipped":0,"pct":0},"statements":{"total":33,"covered":0,"skipped":0,"pct":0},"branches":{"total":6,"covered":0,"skipped":0,"pct":0}}
,"D:\\11-coding\\YahiaAcademy\\yahia-quest-arena\\src\\components\\ui\\dialog.tsx": {"lines":{"total":22,"covered":0,"skipped":0,"pct":0},"functions":{"total":6,"covered":0,"skipped":0,"pct":0},"statements":{"total":22,"covered":0,"skipped":0,"pct":0},"branches":{"total":0,"covered":0,"skipped":0,"pct":100}}
,"D:\\11-coding\\YahiaAcademy\\yahia-quest-arena\\src\\components\\ui\\drawer.tsx": {"lines":{"total":24,"covered":0,"skipped":0,"pct":0},"functions":{"total":7,"covered":0,"skipped":0,"pct":0},"statements":{"total":24,"covered":0,"skipped":0,"pct":0},"branches":{"total":1,"covered":0,"skipped":0,"pct":0}}
,"D:\\11-coding\\YahiaAcademy\\yahia-quest-arena\\src\\components\\ui\\dropdown-menu.tsx": {"lines":{"total":33,"covered":0,"skipped":0,"pct":0},"functions":{"total":9,"covered":0,"skipped":0,"pct":0},"statements":{"total":33,"covered":0,"skipped":0,"pct":0},"branches":{"total":7,"covered":0,"skipped":0,"pct":0}}
,"D:\\11-coding\\YahiaAcademy\\yahia-quest-arena\\src\\components\\ui\\form.tsx": {"lines":{"total":39,"covered":0,"skipped":0,"pct":0},"functions":{"total":7,"covered":0,"skipped":0,"pct":0},"statements":{"total":39,"covered":0,"skipped":0,"pct":0},"branches":{"total":14,"covered":0,"skipped":0,"pct":0}}
,"D:\\11-coding\\YahiaAcademy\\yahia-quest-arena\\src\\components\\ui\\hover-card.tsx": {"lines":{"total":5,"covered":0,"skipped":0,"pct":0},"functions":{"total":1,"covered":0,"skipped":0,"pct":0},"statements":{"total":5,"covered":0,"skipped":0,"pct":0},"branches":{"total":2,"covered":0,"skipped":0,"pct":0}}
,"D:\\11-coding\\YahiaAcademy\\yahia-quest-arena\\src\\components\\ui\\input-otp.tsx": {"lines":{"total":14,"covered":0,"skipped":0,"pct":0},"functions":{"total":4,"covered":0,"skipped":0,"pct":0},"statements":{"total":14,"covered":0,"skipped":0,"pct":0},"branches":{"total":4,"covered":0,"skipped":0,"pct":0}}
,"D:\\11-coding\\YahiaAcademy\\yahia-quest-arena\\src\\components\\ui\\input.tsx": {"lines":{"total":3,"covered":0,"skipped":0,"pct":0},"functions":{"total":1,"covered":0,"skipped":0,"pct":0},"statements":{"total":3,"covered":0,"skipped":0,"pct":0},"branches":{"total":0,"covered":0,"skipped":0,"pct":100}}
,"D:\\11-coding\\YahiaAcademy\\yahia-quest-arena\\src\\components\\ui\\label.tsx": {"lines":{"total":4,"covered":0,"skipped":0,"pct":0},"functions":{"total":1,"covered":0,"skipped":0,"pct":0},"statements":{"total":4,"covered":0,"skipped":0,"pct":0},"branches":{"total":0,"covered":0,"skipped":0,"pct":100}}
,"D:\\11-coding\\YahiaAcademy\\yahia-quest-arena\\src\\components\\ui\\language-switcher.tsx": {"lines":{"total":15,"covered":0,"skipped":0,"pct":0},"functions":{"total":8,"covered":0,"skipped":0,"pct":0},"statements":{"total":17,"covered":0,"skipped":0,"pct":0},"branches":{"total":11,"covered":0,"skipped":0,"pct":0}}
,"D:\\11-coding\\YahiaAcademy\\yahia-quest-arena\\src\\components\\ui\\level-up-celebration.tsx": {"lines":{"total":7,"covered":0,"skipped":0,"pct":0},"functions":{"total":6,"covered":0,"skipped":0,"pct":0},"statements":{"total":8,"covered":0,"skipped":0,"pct":0},"branches":{"total":4,"covered":0,"skipped":0,"pct":0}}
,"D:\\11-coding\\YahiaAcademy\\yahia-quest-arena\\src\\components\\ui\\menubar.tsx": {"lines":{"total":38,"covered":0,"skipped":0,"pct":0},"functions":{"total":16,"covered":0,"skipped":0,"pct":0},"statements":{"total":38,"covered":0,"skipped":0,"pct":0},"branches":{"total":9,"covered":0,"skipped":0,"pct":0}}
,"D:\\11-coding\\YahiaAcademy\\yahia-quest-arena\\src\\components\\ui\\navigation-menu.tsx": {"lines":{"total":21,"covered":0,"skipped":0,"pct":0},"functions":{"total":6,"covered":0,"skipped":0,"pct":0},"statements":{"total":21,"covered":0,"skipped":0,"pct":0},"branches":{"total":0,"covered":0,"skipped":0,"pct":100}}
,"D:\\11-coding\\YahiaAcademy\\yahia-quest-arena\\src\\components\\ui\\pagination.tsx": {"lines":{"total":21,"covered":0,"skipped":0,"pct":0},"functions":{"total":7,"covered":0,"skipped":0,"pct":0},"statements":{"total":21,"covered":0,"skipped":0,"pct":0},"branches":{"total":5,"covered":0,"skipped":0,"pct":0}}
,"D:\\11-coding\\YahiaAcademy\\yahia-quest-arena\\src\\components\\ui\\popover.tsx": {"lines":{"total":6,"covered":0,"skipped":0,"pct":0},"functions":{"total":1,"covered":0,"skipped":0,"pct":0},"statements":{"total":6,"covered":0,"skipped":0,"pct":0},"branches":{"total":2,"covered":0,"skipped":0,"pct":0}}
,"D:\\11-coding\\YahiaAcademy\\yahia-quest-arena\\src\\components\\ui\\progress.tsx": {"lines":{"total":3,"covered":0,"skipped":0,"pct":0},"functions":{"total":1,"covered":0,"skipped":0,"pct":0},"statements":{"total":3,"covered":0,"skipped":0,"pct":0},"branches":{"total":2,"covered":0,"skipped":0,"pct":0}}
,"D:\\11-coding\\YahiaAcademy\\yahia-quest-arena\\src\\components\\ui\\radio-group.tsx": {"lines":{"total":6,"covered":0,"skipped":0,"pct":0},"functions":{"total":2,"covered":0,"skipped":0,"pct":0},"statements":{"total":6,"covered":0,"skipped":0,"pct":0},"branches":{"total":0,"covered":0,"skipped":0,"pct":100}}
,"D:\\11-coding\\YahiaAcademy\\yahia-quest-arena\\src\\components\\ui\\resizable.tsx": {"lines":{"total":5,"covered":0,"skipped":0,"pct":0},"functions":{"total":2,"covered":0,"skipped":0,"pct":0},"statements":{"total":5,"covered":0,"skipped":0,"pct":0},"branches":{"total":2,"covered":0,"skipped":0,"pct":0}}
,"D:\\11-coding\\YahiaAcademy\\yahia-quest-arena\\src\\components\\ui\\scroll-area.tsx": {"lines":{"total":6,"covered":0,"skipped":0,"pct":0},"functions":{"total":2,"covered":0,"skipped":0,"pct":0},"statements":{"total":6,"covered":0,"skipped":0,"pct":0},"branches":{"total":5,"covered":0,"skipped":0,"pct":0}}
,"D:\\11-coding\\YahiaAcademy\\yahia-quest-arena\\src\\components\\ui\\select.tsx": {"lines":{"total":24,"covered":0,"skipped":0,"pct":0},"functions":{"total":7,"covered":0,"skipped":0,"pct":0},"statements":{"total":24,"covered":0,"skipped":0,"pct":0},"branches":{"total":5,"covered":0,"skipped":0,"pct":0}}
,"D:\\11-coding\\YahiaAcademy\\yahia-quest-arena\\src\\components\\ui\\separator.tsx": {"lines":{"total":3,"covered":0,"skipped":0,"pct":0},"functions":{"total":1,"covered":0,"skipped":0,"pct":0},"statements":{"total":3,"covered":0,"skipped":0,"pct":0},"branches":{"total":4,"covered":0,"skipped":0,"pct":0}}
,"D:\\11-coding\\YahiaAcademy\\yahia-quest-arena\\src\\components\\ui\\sheet.tsx": {"lines":{"total":23,"covered":0,"skipped":0,"pct":0},"functions":{"total":6,"covered":0,"skipped":0,"pct":0},"statements":{"total":23,"covered":0,"skipped":0,"pct":0},"branches":{"total":1,"covered":0,"skipped":0,"pct":0}}
,"D:\\11-coding\\YahiaAcademy\\yahia-quest-arena\\src\\components\\ui\\sidebar.tsx": {"lines":{"total":125,"covered":0,"skipped":0,"pct":0},"functions":{"total":34,"covered":0,"skipped":0,"pct":0},"statements":{"total":128,"covered":0,"skipped":0,"pct":0},"branches":{"total":72,"covered":0,"skipped":0,"pct":0}}
,"D:\\11-coding\\YahiaAcademy\\yahia-quest-arena\\src\\components\\ui\\skeleton.tsx": {"lines":{"total":1,"covered":0,"skipped":0,"pct":0},"functions":{"total":1,"covered":0,"skipped":0,"pct":0},"statements":{"total":1,"covered":0,"skipped":0,"pct":0},"branches":{"total":0,"covered":0,"skipped":0,"pct":100}}
,"D:\\11-coding\\YahiaAcademy\\yahia-quest-arena\\src\\components\\ui\\slider.tsx": {"lines":{"total":3,"covered":0,"skipped":0,"pct":0},"functions":{"total":1,"covered":0,"skipped":0,"pct":0},"statements":{"total":3,"covered":0,"skipped":0,"pct":0},"branches":{"total":0,"covered":0,"skipped":0,"pct":100}}
,"D:\\11-coding\\YahiaAcademy\\yahia-quest-arena\\src\\components\\ui\\sonner.tsx": {"lines":{"total":2,"covered":0,"skipped":0,"pct":0},"functions":{"total":1,"covered":0,"skipped":0,"pct":0},"statements":{"total":2,"covered":0,"skipped":0,"pct":0},"branches":{"total":0,"covered":0,"skipped":0,"pct":100}}
,"D:\\11-coding\\YahiaAcademy\\yahia-quest-arena\\src\\components\\ui\\switch.tsx": {"lines":{"total":3,"covered":0,"skipped":0,"pct":0},"functions":{"total":1,"covered":0,"skipped":0,"pct":0},"statements":{"total":3,"covered":0,"skipped":0,"pct":0},"branches":{"total":0,"covered":0,"skipped":0,"pct":100}}
,"D:\\11-coding\\YahiaAcademy\\yahia-quest-arena\\src\\components\\ui\\table.tsx": {"lines":{"total":24,"covered":0,"skipped":0,"pct":0},"functions":{"total":8,"covered":0,"skipped":0,"pct":0},"statements":{"total":24,"covered":0,"skipped":0,"pct":0},"branches":{"total":0,"covered":0,"skipped":0,"pct":100}}
,"D:\\11-coding\\YahiaAcademy\\yahia-quest-arena\\src\\components\\ui\\tabs.tsx": {"lines":{"total":10,"covered":0,"skipped":0,"pct":0},"functions":{"total":3,"covered":0,"skipped":0,"pct":0},"statements":{"total":10,"covered":0,"skipped":0,"pct":0},"branches":{"total":0,"covered":0,"skipped":0,"pct":100}}
,"D:\\11-coding\\YahiaAcademy\\yahia-quest-arena\\src\\components\\ui\\textarea.tsx": {"lines":{"total":3,"covered":0,"skipped":0,"pct":0},"functions":{"total":1,"covered":0,"skipped":0,"pct":0},"statements":{"total":3,"covered":0,"skipped":0,"pct":0},"branches":{"total":0,"covered":0,"skipped":0,"pct":100}}
,"D:\\11-coding\\YahiaAcademy\\yahia-quest-arena\\src\\components\\ui\\toggle-group.tsx": {"lines":{"total":8,"covered":0,"skipped":0,"pct":0},"functions":{"total":2,"covered":0,"skipped":0,"pct":0},"statements":{"total":8,"covered":0,"skipped":0,"pct":0},"branches":{"total":4,"covered":0,"skipped":0,"pct":0}}
,"D:\\11-coding\\YahiaAcademy\\yahia-quest-arena\\src\\components\\ui\\toggle.tsx": {"lines":{"total":4,"covered":0,"skipped":0,"pct":0},"functions":{"total":1,"covered":0,"skipped":0,"pct":0},"statements":{"total":4,"covered":0,"skipped":0,"pct":0},"branches":{"total":0,"covered":0,"skipped":0,"pct":100}}
,"D:\\11-coding\\YahiaAcademy\\yahia-quest-arena\\src\\components\\ui\\tooltip.tsx": {"lines":{"total":6,"covered":0,"skipped":0,"pct":0},"functions":{"total":1,"covered":0,"skipped":0,"pct":0},"statements":{"total":6,"covered":0,"skipped":0,"pct":0},"branches":{"total":1,"covered":0,"skipped":0,"pct":0}}
,"D:\\11-coding\\YahiaAcademy\\yahia-quest-arena\\src\\features\\auth\\guest-access.ts": {"lines":{"total":22,"covered":16,"skipped":0,"pct":72.72},"functions":{"total":3,"covered":1,"skipped":0,"pct":33.33},"statements":{"total":24,"covered":17,"skipped":0,"pct":70.83},"branches":{"total":25,"covered":18,"skipped":0,"pct":72}}
,"D:\\11-coding\\YahiaAcademy\\yahia-quest-arena\\src\\features\\auth\\index.ts": {"lines":{"total":0,"covered":0,"skipped":0,"pct":100},"functions":{"total":0,"covered":0,"skipped":0,"pct":100},"statements":{"total":0,"covered":0,"skipped":0,"pct":100},"branches":{"total":0,"covered":0,"skipped":0,"pct":100}}
,"D:\\11-coding\\YahiaAcademy\\yahia-quest-arena\\src\\features\\auth\\use-auth.ts": {"lines":{"total":13,"covered":0,"skipped":0,"pct":0},"functions":{"total":5,"covered":0,"skipped":0,"pct":0},"statements":{"total":14,"covered":0,"skipped":0,"pct":0},"branches":{"total":4,"covered":0,"skipped":0,"pct":0}}
,"D:\\11-coding\\YahiaAcademy\\yahia-quest-arena\\src\\features\\dashboard\\dashboard-helpers.ts": {"lines":{"total":10,"covered":10,"skipped":0,"pct":100},"functions":{"total":4,"covered":4,"skipped":0,"pct":100},"statements":{"total":14,"covered":14,"skipped":0,"pct":100},"branches":{"total":14,"covered":14,"skipped":0,"pct":100}}
,"D:\\11-coding\\YahiaAcademy\\yahia-quest-arena\\src\\features\\dashboard\\dashboard.server.ts": {"lines":{"total":74,"covered":69,"skipped":0,"pct":93.24},"functions":{"total":11,"covered":11,"skipped":0,"pct":100},"statements":{"total":92,"covered":81,"skipped":0,"pct":88.04},"branches":{"total":85,"covered":52,"skipped":0,"pct":61.17}}
,"D:\\11-coding\\YahiaAcademy\\yahia-quest-arena\\src\\features\\dashboard\\index.ts": {"lines":{"total":0,"covered":0,"skipped":0,"pct":100},"functions":{"total":0,"covered":0,"skipped":0,"pct":100},"statements":{"total":0,"covered":0,"skipped":0,"pct":100},"branches":{"total":0,"covered":0,"skipped":0,"pct":100}}
,"D:\\11-coding\\YahiaAcademy\\yahia-quest-arena\\src\\features\\dashboard\\components\\dashboard-badges-shop.tsx": {"lines":{"total":8,"covered":0,"skipped":0,"pct":0},"functions":{"total":5,"covered":0,"skipped":0,"pct":0},"statements":{"total":8,"covered":0,"skipped":0,"pct":0},"branches":{"total":28,"covered":0,"skipped":0,"pct":0}}
,"D:\\11-coding\\YahiaAcademy\\yahia-quest-arena\\src\\features\\dashboard\\components\\dashboard-radar-inventory.tsx": {"lines":{"total":2,"covered":0,"skipped":0,"pct":0},"functions":{"total":2,"covered":0,"skipped":0,"pct":0},"statements":{"total":2,"covered":0,"skipped":0,"pct":0},"branches":{"total":4,"covered":0,"skipped":0,"pct":0}}
,"D:\\11-coding\\YahiaAcademy\\yahia-quest-arena\\src\\features\\dungeon\\dungeon.server.ts": {"lines":{"total":53,"covered":28,"skipped":0,"pct":52.83},"functions":{"total":13,"covered":7,"skipped":0,"pct":53.84},"statements":{"total":58,"covered":29,"skipped":0,"pct":50},"branches":{"total":78,"covered":21,"skipped":0,"pct":26.92}}
,"D:\\11-coding\\YahiaAcademy\\yahia-quest-arena\\src\\features\\dungeon\\index.ts": {"lines":{"total":0,"covered":0,"skipped":0,"pct":100},"functions":{"total":0,"covered":0,"skipped":0,"pct":100},"statements":{"total":0,"covered":0,"skipped":0,"pct":100},"branches":{"total":0,"covered":0,"skipped":0,"pct":100}}
,"D:\\11-coding\\YahiaAcademy\\yahia-quest-arena\\src\\features\\parent-report\\family-link.ts": {"lines":{"total":8,"covered":8,"skipped":0,"pct":100},"functions":{"total":2,"covered":2,"skipped":0,"pct":100},"statements":{"total":10,"covered":10,"skipped":0,"pct":100},"branches":{"total":6,"covered":5,"skipped":0,"pct":83.33}}
,"D:\\11-coding\\YahiaAcademy\\yahia-quest-arena\\src\\features\\parent-report\\index.ts": {"lines":{"total":0,"covered":0,"skipped":0,"pct":100},"functions":{"total":0,"covered":0,"skipped":0,"pct":100},"statements":{"total":0,"covered":0,"skipped":0,"pct":100},"branches":{"total":0,"covered":0,"skipped":0,"pct":100}}
,"D:\\11-coding\\YahiaAcademy\\yahia-quest-arena\\src\\features\\parent-report\\parent-report.server.ts": {"lines":{"total":57,"covered":56,"skipped":0,"pct":98.24},"functions":{"total":11,"covered":11,"skipped":0,"pct":100},"statements":{"total":72,"covered":64,"skipped":0,"pct":88.88},"branches":{"total":58,"covered":44,"skipped":0,"pct":75.86}}
,"D:\\11-coding\\YahiaAcademy\\yahia-quest-arena\\src\\features\\progression\\index.ts": {"lines":{"total":0,"covered":0,"skipped":0,"pct":100},"functions":{"total":0,"covered":0,"skipped":0,"pct":100},"statements":{"total":0,"covered":0,"skipped":0,"pct":100},"branches":{"total":0,"covered":0,"skipped":0,"pct":100}}
,"D:\\11-coding\\YahiaAcademy\\yahia-quest-arena\\src\\features\\progression\\progression.server.ts": {"lines":{"total":141,"covered":136,"skipped":0,"pct":96.45},"functions":{"total":14,"covered":14,"skipped":0,"pct":100},"statements":{"total":158,"covered":144,"skipped":0,"pct":91.13},"branches":{"total":114,"covered":86,"skipped":0,"pct":75.43}}
,"D:\\11-coding\\YahiaAcademy\\yahia-quest-arena\\src\\features\\quest\\index.ts": {"lines":{"total":0,"covered":0,"skipped":0,"pct":100},"functions":{"total":0,"covered":0,"skipped":0,"pct":100},"statements":{"total":0,"covered":0,"skipped":0,"pct":100},"branches":{"total":0,"covered":0,"skipped":0,"pct":100}}
,"D:\\11-coding\\YahiaAcademy\\yahia-quest-arena\\src\\features\\quest\\quest.server.ts": {"lines":{"total":63,"covered":54,"skipped":0,"pct":85.71},"functions":{"total":17,"covered":14,"skipped":0,"pct":82.35},"statements":{"total":74,"covered":60,"skipped":0,"pct":81.08},"branches":{"total":73,"covered":51,"skipped":0,"pct":69.86}}
,"D:\\11-coding\\YahiaAcademy\\yahia-quest-arena\\src\\features\\shop\\index.ts": {"lines":{"total":0,"covered":0,"skipped":0,"pct":100},"functions":{"total":0,"covered":0,"skipped":0,"pct":100},"statements":{"total":0,"covered":0,"skipped":0,"pct":100},"branches":{"total":0,"covered":0,"skipped":0,"pct":100}}
,"D:\\11-coding\\YahiaAcademy\\yahia-quest-arena\\src\\features\\shop\\shop.server.ts": {"lines":{"total":44,"covered":42,"skipped":0,"pct":95.45},"functions":{"total":7,"covered":7,"skipped":0,"pct":100},"statements":{"total":58,"covered":49,"skipped":0,"pct":84.48},"branches":{"total":49,"covered":33,"skipped":0,"pct":67.34}}
,"D:\\11-coding\\YahiaAcademy\\yahia-quest-arena\\src\\hooks\\use-auth.ts": {"lines":{"total":13,"covered":13,"skipped":0,"pct":100},"functions":{"total":5,"covered":5,"skipped":0,"pct":100},"statements":{"total":14,"covered":14,"skipped":0,"pct":100},"branches":{"total":4,"covered":3,"skipped":0,"pct":75}}
,"D:\\11-coding\\YahiaAcademy\\yahia-quest-arena\\src\\hooks\\use-mobile.tsx": {"lines":{"total":10,"covered":0,"skipped":0,"pct":0},"functions":{"total":4,"covered":0,"skipped":0,"pct":0},"statements":{"total":11,"covered":0,"skipped":0,"pct":0},"branches":{"total":0,"covered":0,"skipped":0,"pct":100}}
,"D:\\11-coding\\YahiaAcademy\\yahia-quest-arena\\src\\integrations\\lovable\\index.ts": {"lines":{"total":11,"covered":0,"skipped":0,"pct":0},"functions":{"total":1,"covered":0,"skipped":0,"pct":0},"statements":{"total":11,"covered":0,"skipped":0,"pct":0},"branches":{"total":6,"covered":0,"skipped":0,"pct":0}}
,"D:\\11-coding\\YahiaAcademy\\yahia-quest-arena\\src\\integrations\\supabase\\auth-attacher.ts": {"lines":{"total":4,"covered":4,"skipped":0,"pct":100},"functions":{"total":1,"covered":1,"skipped":0,"pct":100},"statements":{"total":4,"covered":4,"skipped":0,"pct":100},"branches":{"total":2,"covered":2,"skipped":0,"pct":100}}
,"D:\\11-coding\\YahiaAcademy\\yahia-quest-arena\\src\\integrations\\supabase\\auth-middleware.ts": {"lines":{"total":26,"covered":26,"skipped":0,"pct":100},"functions":{"total":1,"covered":1,"skipped":0,"pct":100},"statements":{"total":26,"covered":26,"skipped":0,"pct":100},"branches":{"total":22,"covered":20,"skipped":0,"pct":90.9}}
,"D:\\11-coding\\YahiaAcademy\\yahia-quest-arena\\src\\integrations\\supabase\\client.server.ts": {"lines":{"total":11,"covered":0,"skipped":0,"pct":0},"functions":{"total":2,"covered":0,"skipped":0,"pct":0},"statements":{"total":12,"covered":0,"skipped":0,"pct":0},"branches":{"total":10,"covered":0,"skipped":0,"pct":0}}
,"D:\\11-coding\\YahiaAcademy\\yahia-quest-arena\\src\\integrations\\supabase\\client.ts": {"lines":{"total":11,"covered":0,"skipped":0,"pct":0},"functions":{"total":2,"covered":0,"skipped":0,"pct":0},"statements":{"total":12,"covered":0,"skipped":0,"pct":0},"branches":{"total":16,"covered":0,"skipped":0,"pct":0}}
,"D:\\11-coding\\YahiaAcademy\\yahia-quest-arena\\src\\lib\\dashboard-helpers.ts": {"lines":{"total":0,"covered":0,"skipped":0,"pct":100},"functions":{"total":0,"covered":0,"skipped":0,"pct":100},"statements":{"total":0,"covered":0,"skipped":0,"pct":100},"branches":{"total":0,"covered":0,"skipped":0,"pct":100}}
,"D:\\11-coding\\YahiaAcademy\\yahia-quest-arena\\src\\lib\\error-capture.ts": {"lines":{"total":13,"covered":5,"skipped":0,"pct":38.46},"functions":{"total":4,"covered":1,"skipped":0,"pct":25},"statements":{"total":15,"covered":6,"skipped":0,"pct":40},"branches":{"total":8,"covered":2,"skipped":0,"pct":25}}
,"D:\\11-coding\\YahiaAcademy\\yahia-quest-arena\\src\\lib\\error-page.ts": {"lines":{"total":1,"covered":1,"skipped":0,"pct":100},"functions":{"total":1,"covered":1,"skipped":0,"pct":100},"statements":{"total":1,"covered":1,"skipped":0,"pct":100},"branches":{"total":0,"covered":0,"skipped":0,"pct":100}}
,"D:\\11-coding\\YahiaAcademy\\yahia-quest-arena\\src\\lib\\family-link.ts": {"lines":{"total":0,"covered":0,"skipped":0,"pct":100},"functions":{"total":0,"covered":0,"skipped":0,"pct":100},"statements":{"total":0,"covered":0,"skipped":0,"pct":100},"branches":{"total":0,"covered":0,"skipped":0,"pct":100}}
,"D:\\11-coding\\YahiaAcademy\\yahia-quest-arena\\src\\lib\\gamification.constants.ts": {"lines":{"total":0,"covered":0,"skipped":0,"pct":100},"functions":{"total":0,"covered":0,"skipped":0,"pct":100},"statements":{"total":0,"covered":0,"skipped":0,"pct":100},"branches":{"total":0,"covered":0,"skipped":0,"pct":100}}
,"D:\\11-coding\\YahiaAcademy\\yahia-quest-arena\\src\\lib\\gamification.dashboard.ts": {"lines":{"total":0,"covered":0,"skipped":0,"pct":100},"functions":{"total":0,"covered":0,"skipped":0,"pct":100},"statements":{"total":0,"covered":0,"skipped":0,"pct":100},"branches":{"total":0,"covered":0,"skipped":0,"pct":100}}
,"D:\\11-coding\\YahiaAcademy\\yahia-quest-arena\\src\\lib\\gamification.dungeon.ts": {"lines":{"total":0,"covered":0,"skipped":0,"pct":100},"functions":{"total":0,"covered":0,"skipped":0,"pct":100},"statements":{"total":0,"covered":0,"skipped":0,"pct":100},"branches":{"total":0,"covered":0,"skipped":0,"pct":100}}
,"D:\\11-coding\\YahiaAcademy\\yahia-quest-arena\\src\\lib\\gamification.functions.ts": {"lines":{"total":0,"covered":0,"skipped":0,"pct":100},"functions":{"total":0,"covered":0,"skipped":0,"pct":100},"statements":{"total":0,"covered":0,"skipped":0,"pct":100},"branches":{"total":0,"covered":0,"skipped":0,"pct":100}}
,"D:\\11-coding\\YahiaAcademy\\yahia-quest-arena\\src\\lib\\gamification.parent.ts": {"lines":{"total":0,"covered":0,"skipped":0,"pct":100},"functions":{"total":0,"covered":0,"skipped":0,"pct":100},"statements":{"total":0,"covered":0,"skipped":0,"pct":100},"branches":{"total":0,"covered":0,"skipped":0,"pct":100}}
,"D:\\11-coding\\YahiaAcademy\\yahia-quest-arena\\src\\lib\\gamification.progression.ts": {"lines":{"total":0,"covered":0,"skipped":0,"pct":100},"functions":{"total":0,"covered":0,"skipped":0,"pct":100},"statements":{"total":0,"covered":0,"skipped":0,"pct":100},"branches":{"total":0,"covered":0,"skipped":0,"pct":100}}
,"D:\\11-coding\\YahiaAcademy\\yahia-quest-arena\\src\\lib\\gamification.quest.ts": {"lines":{"total":0,"covered":0,"skipped":0,"pct":100},"functions":{"total":0,"covered":0,"skipped":0,"pct":100},"statements":{"total":0,"covered":0,"skipped":0,"pct":100},"branches":{"total":0,"covered":0,"skipped":0,"pct":100}}
,"D:\\11-coding\\YahiaAcademy\\yahia-quest-arena\\src\\lib\\gamification.shop.ts": {"lines":{"total":0,"covered":0,"skipped":0,"pct":100},"functions":{"total":0,"covered":0,"skipped":0,"pct":100},"statements":{"total":0,"covered":0,"skipped":0,"pct":100},"branches":{"total":0,"covered":0,"skipped":0,"pct":100}}
,"D:\\11-coding\\YahiaAcademy\\yahia-quest-arena\\src\\lib\\gamification.types.ts": {"lines":{"total":0,"covered":0,"skipped":0,"pct":100},"functions":{"total":0,"covered":0,"skipped":0,"pct":100},"statements":{"total":0,"covered":0,"skipped":0,"pct":100},"branches":{"total":0,"covered":0,"skipped":0,"pct":100}}
,"D:\\11-coding\\YahiaAcademy\\yahia-quest-arena\\src\\lib\\guest-access.ts": {"lines":{"total":0,"covered":0,"skipped":0,"pct":100},"functions":{"total":0,"covered":0,"skipped":0,"pct":100},"statements":{"total":0,"covered":0,"skipped":0,"pct":100},"branches":{"total":0,"covered":0,"skipped":0,"pct":100}}
,"D:\\11-coding\\YahiaAcademy\\yahia-quest-arena\\src\\lib\\logger.ts": {"lines":{"total":22,"covered":22,"skipped":0,"pct":100},"functions":{"total":5,"covered":5,"skipped":0,"pct":100},"statements":{"total":23,"covered":23,"skipped":0,"pct":100},"branches":{"total":12,"covered":12,"skipped":0,"pct":100}}
,"D:\\11-coding\\YahiaAcademy\\yahia-quest-arena\\src\\lib\\markdown.ts": {"lines":{"total":17,"covered":17,"skipped":0,"pct":100},"functions":{"total":7,"covered":7,"skipped":0,"pct":100},"statements":{"total":22,"covered":22,"skipped":0,"pct":100},"branches":{"total":8,"covered":8,"skipped":0,"pct":100}}
,"D:\\11-coding\\YahiaAcademy\\yahia-quest-arena\\src\\lib\\question-utils.ts": {"lines":{"total":6,"covered":6,"skipped":0,"pct":100},"functions":{"total":2,"covered":2,"skipped":0,"pct":100},"statements":{"total":8,"covered":8,"skipped":0,"pct":100},"branches":{"total":2,"covered":2,"skipped":0,"pct":100}}
,"D:\\11-coding\\YahiaAcademy\\yahia-quest-arena\\src\\lib\\rate-limit.ts": {"lines":{"total":21,"covered":12,"skipped":0,"pct":57.14},"functions":{"total":3,"covered":2,"skipped":0,"pct":66.66},"statements":{"total":23,"covered":13,"skipped":0,"pct":56.52},"branches":{"total":10,"covered":5,"skipped":0,"pct":50}}
,"D:\\11-coding\\YahiaAcademy\\yahia-quest-arena\\src\\lib\\utils.ts": {"lines":{"total":5,"covered":5,"skipped":0,"pct":100},"functions":{"total":4,"covered":4,"skipped":0,"pct":100},"statements":{"total":5,"covered":5,"skipped":0,"pct":100},"branches":{"total":2,"covered":2,"skipped":0,"pct":100}}
,"D:\\11-coding\\YahiaAcademy\\yahia-quest-arena\\src\\lib\\i18n\\ar.ts": {"lines":{"total":1,"covered":1,"skipped":0,"pct":100},"functions":{"total":0,"covered":0,"skipped":0,"pct":100},"statements":{"total":1,"covered":1,"skipped":0,"pct":100},"branches":{"total":0,"covered":0,"skipped":0,"pct":100}}
,"D:\\11-coding\\YahiaAcademy\\yahia-quest-arena\\src\\lib\\i18n\\en.ts": {"lines":{"total":1,"covered":1,"skipped":0,"pct":100},"functions":{"total":0,"covered":0,"skipped":0,"pct":100},"statements":{"total":1,"covered":1,"skipped":0,"pct":100},"branches":{"total":0,"covered":0,"skipped":0,"pct":100}}
,"D:\\11-coding\\YahiaAcademy\\yahia-quest-arena\\src\\lib\\i18n\\fr.ts": {"lines":{"total":1,"covered":1,"skipped":0,"pct":100},"functions":{"total":0,"covered":0,"skipped":0,"pct":100},"statements":{"total":1,"covered":1,"skipped":0,"pct":100},"branches":{"total":0,"covered":0,"skipped":0,"pct":100}}
,"D:\\11-coding\\YahiaAcademy\\yahia-quest-arena\\src\\lib\\i18n\\index.tsx": {"lines":{"total":25,"covered":25,"skipped":0,"pct":100},"functions":{"total":8,"covered":7,"skipped":0,"pct":87.5},"statements":{"total":26,"covered":25,"skipped":0,"pct":96.15},"branches":{"total":14,"covered":13,"skipped":0,"pct":92.85}}
,"D:\\11-coding\\YahiaAcademy\\yahia-quest-arena\\src\\lib\\i18n\\types.ts": {"lines":{"total":0,"covered":0,"skipped":0,"pct":100},"functions":{"total":0,"covered":0,"skipped":0,"pct":100},"statements":{"total":0,"covered":0,"skipped":0,"pct":100},"branches":{"total":0,"covered":0,"skipped":0,"pct":100}}
,"D:\\11-coding\\YahiaAcademy\\yahia-quest-arena\\src\\routes\\__root.tsx": {"lines":{"total":13,"covered":0,"skipped":0,"pct":0},"functions":{"total":6,"covered":0,"skipped":0,"pct":0},"statements":{"total":13,"covered":0,"skipped":0,"pct":0},"branches":{"total":2,"covered":0,"skipped":0,"pct":0}}
,"D:\\11-coding\\YahiaAcademy\\yahia-quest-arena\\src\\routes\\_authenticated.tsx": {"lines":{"total":20,"covered":0,"skipped":0,"pct":0},"functions":{"total":5,"covered":0,"skipped":0,"pct":0},"statements":{"total":22,"covered":0,"skipped":0,"pct":0},"branches":{"total":16,"covered":0,"skipped":0,"pct":0}}
,"D:\\11-coding\\YahiaAcademy\\yahia-quest-arena\\src\\routes\\auth.tsx": {"lines":{"total":76,"covered":0,"skipped":0,"pct":0},"functions":{"total":15,"covered":0,"skipped":0,"pct":0},"statements":{"total":84,"covered":0,"skipped":0,"pct":0},"branches":{"total":79,"covered":0,"skipped":0,"pct":0}}
,"D:\\11-coding\\YahiaAcademy\\yahia-quest-arena\\src\\routes\\index.tsx": {"lines":{"total":15,"covered":0,"skipped":0,"pct":0},"functions":{"total":6,"covered":0,"skipped":0,"pct":0},"statements":{"total":15,"covered":0,"skipped":0,"pct":0},"branches":{"total":0,"covered":0,"skipped":0,"pct":100}}
,"D:\\11-coding\\YahiaAcademy\\yahia-quest-arena\\src\\routes\\login.tsx": {"lines":{"total":2,"covered":0,"skipped":0,"pct":0},"functions":{"total":1,"covered":0,"skipped":0,"pct":0},"statements":{"total":2,"covered":0,"skipped":0,"pct":0},"branches":{"total":0,"covered":0,"skipped":0,"pct":100}}
,"D:\\11-coding\\YahiaAcademy\\yahia-quest-arena\\src\\routes\\signup.tsx": {"lines":{"total":2,"covered":0,"skipped":0,"pct":0},"functions":{"total":1,"covered":0,"skipped":0,"pct":0},"statements":{"total":2,"covered":0,"skipped":0,"pct":0},"branches":{"total":0,"covered":0,"skipped":0,"pct":100}}
,"D:\\11-coding\\YahiaAcademy\\yahia-quest-arena\\src\\routes\\_authenticated\\dashboard.tsx": {"lines":{"total":102,"covered":0,"skipped":0,"pct":0},"functions":{"total":43,"covered":0,"skipped":0,"pct":0},"statements":{"total":109,"covered":0,"skipped":0,"pct":0},"branches":{"total":118,"covered":0,"skipped":0,"pct":0}}
,"D:\\11-coding\\YahiaAcademy\\yahia-quest-arena\\src\\routes\\_authenticated\\dungeon.tsx": {"lines":{"total":131,"covered":0,"skipped":0,"pct":0},"functions":{"total":20,"covered":0,"skipped":0,"pct":0},"statements":{"total":140,"covered":0,"skipped":0,"pct":0},"branches":{"total":113,"covered":0,"skipped":0,"pct":0}}
,"D:\\11-coding\\YahiaAcademy\\yahia-quest-arena\\src\\routes\\_authenticated\\leaderboard.tsx": {"lines":{"total":15,"covered":0,"skipped":0,"pct":0},"functions":{"total":5,"covered":0,"skipped":0,"pct":0},"statements":{"total":15,"covered":0,"skipped":0,"pct":0},"branches":{"total":20,"covered":0,"skipped":0,"pct":0}}
,"D:\\11-coding\\YahiaAcademy\\yahia-quest-arena\\src\\routes\\_authenticated\\lesson.$chapterId.tsx": {"lines":{"total":28,"covered":0,"skipped":0,"pct":0},"functions":{"total":11,"covered":0,"skipped":0,"pct":0},"statements":{"total":30,"covered":0,"skipped":0,"pct":0},"branches":{"total":49,"covered":0,"skipped":0,"pct":0}}
,"D:\\11-coding\\YahiaAcademy\\yahia-quest-arena\\src\\routes\\_authenticated\\onboarding.tsx": {"lines":{"total":31,"covered":0,"skipped":0,"pct":0},"functions":{"total":15,"covered":0,"skipped":0,"pct":0},"statements":{"total":32,"covered":0,"skipped":0,"pct":0},"branches":{"total":26,"covered":0,"skipped":0,"pct":0}}
,"D:\\11-coding\\YahiaAcademy\\yahia-quest-arena\\src\\routes\\_authenticated\\parent-report.tsx": {"lines":{"total":59,"covered":0,"skipped":0,"pct":0},"functions":{"total":28,"covered":0,"skipped":0,"pct":0},"statements":{"total":66,"covered":0,"skipped":0,"pct":0},"branches":{"total":74,"covered":0,"skipped":0,"pct":0}}
,"D:\\11-coding\\YahiaAcademy\\yahia-quest-arena\\src\\routes\\_authenticated\\quest.$exerciseId.tsx": {"lines":{"total":173,"covered":0,"skipped":0,"pct":0},"functions":{"total":43,"covered":0,"skipped":0,"pct":0},"statements":{"total":196,"covered":0,"skipped":0,"pct":0},"branches":{"total":190,"covered":0,"skipped":0,"pct":0}}
,"D:\\11-coding\\YahiaAcademy\\yahia-quest-arena\\src\\routes\\_authenticated\\subject.$subjectId.tsx": {"lines":{"total":24,"covered":0,"skipped":0,"pct":0},"functions":{"total":8,"covered":0,"skipped":0,"pct":0},"statements":{"total":26,"covered":0,"skipped":0,"pct":0},"branches":{"total":54,"covered":0,"skipped":0,"pct":0}}
,"D:\\11-coding\\YahiaAcademy\\yahia-quest-arena\\src\\shared\\constants\\gamification.ts": {"lines":{"total":20,"covered":20,"skipped":0,"pct":100},"functions":{"total":0,"covered":0,"skipped":0,"pct":100},"statements":{"total":20,"covered":20,"skipped":0,"pct":100},"branches":{"total":0,"covered":0,"skipped":0,"pct":100}}
,"D:\\11-coding\\YahiaAcademy\\yahia-quest-arena\\src\\shared\\constants\\index.ts": {"lines":{"total":0,"covered":0,"skipped":0,"pct":100},"functions":{"total":0,"covered":0,"skipped":0,"pct":100},"statements":{"total":0,"covered":0,"skipped":0,"pct":100},"branches":{"total":0,"covered":0,"skipped":0,"pct":100}}
,"D:\\11-coding\\YahiaAcademy\\yahia-quest-arena\\src\\shared\\integrations\\supabase\\auth-attacher.ts": {"lines":{"total":4,"covered":0,"skipped":0,"pct":0},"functions":{"total":1,"covered":0,"skipped":0,"pct":0},"statements":{"total":4,"covered":0,"skipped":0,"pct":0},"branches":{"total":2,"covered":0,"skipped":0,"pct":0}}
,"D:\\11-coding\\YahiaAcademy\\yahia-quest-arena\\src\\shared\\integrations\\supabase\\auth-middleware.ts": {"lines":{"total":26,"covered":1,"skipped":0,"pct":3.84},"functions":{"total":1,"covered":0,"skipped":0,"pct":0},"statements":{"total":26,"covered":1,"skipped":0,"pct":3.84},"branches":{"total":22,"covered":0,"skipped":0,"pct":0}}
,"D:\\11-coding\\YahiaAcademy\\yahia-quest-arena\\src\\shared\\integrations\\supabase\\client.server.ts": {"lines":{"total":11,"covered":0,"skipped":0,"pct":0},"functions":{"total":2,"covered":0,"skipped":0,"pct":0},"statements":{"total":12,"covered":0,"skipped":0,"pct":0},"branches":{"total":10,"covered":0,"skipped":0,"pct":0}}
,"D:\\11-coding\\YahiaAcademy\\yahia-quest-arena\\src\\shared\\integrations\\supabase\\client.ts": {"lines":{"total":11,"covered":0,"skipped":0,"pct":0},"functions":{"total":2,"covered":0,"skipped":0,"pct":0},"statements":{"total":12,"covered":0,"skipped":0,"pct":0},"branches":{"total":16,"covered":0,"skipped":0,"pct":0}}
,"D:\\11-coding\\YahiaAcademy\\yahia-quest-arena\\src\\shared\\integrations\\supabase\\types.ts": {"lines":{"total":1,"covered":0,"skipped":0,"pct":0},"functions":{"total":0,"covered":0,"skipped":0,"pct":100},"statements":{"total":1,"covered":0,"skipped":0,"pct":0},"branches":{"total":0,"covered":0,"skipped":0,"pct":100}}
,"D:\\11-coding\\YahiaAcademy\\yahia-quest-arena\\src\\shared\\lib\\error-capture.ts": {"lines":{"total":13,"covered":0,"skipped":0,"pct":0},"functions":{"total":4,"covered":0,"skipped":0,"pct":0},"statements":{"total":15,"covered":0,"skipped":0,"pct":0},"branches":{"total":8,"covered":0,"skipped":0,"pct":0}}
,"D:\\11-coding\\YahiaAcademy\\yahia-quest-arena\\src\\shared\\lib\\error-page.ts": {"lines":{"total":1,"covered":0,"skipped":0,"pct":0},"functions":{"total":1,"covered":0,"skipped":0,"pct":0},"statements":{"total":1,"covered":0,"skipped":0,"pct":0},"branches":{"total":0,"covered":0,"skipped":0,"pct":100}}
,"D:\\11-coding\\YahiaAcademy\\yahia-quest-arena\\src\\shared\\lib\\logger.ts": {"lines":{"total":22,"covered":1,"skipped":0,"pct":4.54},"functions":{"total":5,"covered":0,"skipped":0,"pct":0},"statements":{"total":23,"covered":1,"skipped":0,"pct":4.34},"branches":{"total":12,"covered":0,"skipped":0,"pct":0}}
,"D:\\11-coding\\YahiaAcademy\\yahia-quest-arena\\src\\shared\\lib\\markdown.ts": {"lines":{"total":17,"covered":0,"skipped":0,"pct":0},"functions":{"total":7,"covered":0,"skipped":0,"pct":0},"statements":{"total":22,"covered":0,"skipped":0,"pct":0},"branches":{"total":8,"covered":0,"skipped":0,"pct":0}}
,"D:\\11-coding\\YahiaAcademy\\yahia-quest-arena\\src\\shared\\lib\\question-utils.ts": {"lines":{"total":6,"covered":6,"skipped":0,"pct":100},"functions":{"total":2,"covered":2,"skipped":0,"pct":100},"statements":{"total":8,"covered":8,"skipped":0,"pct":100},"branches":{"total":2,"covered":1,"skipped":0,"pct":50}}
,"D:\\11-coding\\YahiaAcademy\\yahia-quest-arena\\src\\shared\\lib\\rate-limit.ts": {"lines":{"total":21,"covered":21,"skipped":0,"pct":100},"functions":{"total":3,"covered":3,"skipped":0,"pct":100},"statements":{"total":23,"covered":23,"skipped":0,"pct":100},"branches":{"total":10,"covered":9,"skipped":0,"pct":90}}
,"D:\\11-coding\\YahiaAcademy\\yahia-quest-arena\\src\\shared\\lib\\utils.ts": {"lines":{"total":5,"covered":0,"skipped":0,"pct":0},"functions":{"total":4,"covered":0,"skipped":0,"pct":0},"statements":{"total":5,"covered":0,"skipped":0,"pct":0},"branches":{"total":2,"covered":0,"skipped":0,"pct":0}}
,"D:\\11-coding\\YahiaAcademy\\yahia-quest-arena\\src\\shared\\types\\gamification.ts": {"lines":{"total":0,"covered":0,"skipped":0,"pct":100},"functions":{"total":0,"covered":0,"skipped":0,"pct":100},"statements":{"total":0,"covered":0,"skipped":0,"pct":100},"branches":{"total":0,"covered":0,"skipped":0,"pct":100}}
,"D:\\11-coding\\YahiaAcademy\\yahia-quest-arena\\src\\shared\\types\\index.ts": {"lines":{"total":0,"covered":0,"skipped":0,"pct":100},"functions":{"total":0,"covered":0,"skipped":0,"pct":100},"statements":{"total":0,"covered":0,"skipped":0,"pct":100},"branches":{"total":0,"covered":0,"skipped":0,"pct":100}}
}
